Nov 16, 2012 12:59:44 PM com.wles.arme.CredentialsMgr_ca relocate
FINE: locating CredentialsMgr
Nov 16, 2012 12:59:44 PM com.wles.arme.CredentialsMgr_ca locate
FINE: finding CMs
Nov 16, 2012 12:59:44 PM com.wles.arme.CredentialsMgr_ca locate
FINE: get ARME domain: Domain: null Location: null Application: null
Nov 16, 2012 12:59:44 PM com.wles.arme.CredentialsMgr_ca verifyCorrectServer
FINE: user constructed a CM for any application, no validation is possible or needed
Nov 16, 2012 12:59:44 PM oracle.security.jps.openaz.pep.PepRequestFactoryImpl newPepRequest[Object, Object, Object, Object]
FINE: subject=Subject:
	Principal: sking
action=access resource=test/assets/pdfs env={selectedorg=11201}
Nov 16, 2012 12:59:44 PM oracle.security.jps.openaz.pep.PepRequestImpl processDecide
FINE: authIdentity=Subject:
	Principal: sking
 runtimeResource=test/assets/pdfs runtimeAction=access appContext={selectedorg=com.bea.security.SimpleContextElement@56d6cf}
Nov 16, 2012 12:59:44 PM com.wles.arme.CredentialsMgrImpl createCredentials
FINE: creating caching credentials for sking
Nov 16, 2012 12:59:44 PM com.wles.arme.CachingCredentialsImpl _accessAllowed
FINE: calling caching version of accessAllowed
Nov 16, 2012 12:59:44 PM com.wles.arme.CachingCredentialsImpl$SimpleAuthzCache _read
FINE: searching for key access+//app/policy/test/pdfs+true in cache sking FAFAccessDecisions
Nov 16, 2012 12:59:44 PM com.wles.arme.CachingCredentialsImpl$SimpleAuthzCache _read
FINE: key access+//app/policy/test/pdfs+true not found in cache sking FAFAccessDecisions
Nov 16, 2012 12:59:44 PM com.wles.arme.CachingCredentialsImpl _queryRoles
FINE: calling caching version of queryRoles
Nov 16, 2012 12:59:44 PM com.wles.arme.CachingCredentialsImpl$SimpleAuthzCache _read
FINE: searching for key //app/policy/test/pdfs in cache sking QueryRoles
Nov 16, 2012 12:59:44 PM com.wles.arme.CachingCredentialsImpl$SimpleAuthzCache _read
FINE: key //app/policy/test/pdfs not found in cache sking QueryRoles
Nov 16, 2012 12:59:44 PM com.wles.arme.CachingCredentialsImpl$CachedResult <init>
FINE: adding com.wles.arme.CachingCredentialsImpl$Pair@15004dd to cache, expires at Fri Nov 16 13:00:44 CST 2012
Nov 16, 2012 12:59:44 PM com.wles.arme.CachingCredentialsImpl$SimpleAuthzCache _write
FINE: adding //app/policy/test/pdfs to cache sking QueryRoles
Nov 16, 2012 12:59:44 PM com.sun.xml.internal.ws.protocol.soap.MUTube getMisUnderstoodHeaders
INFO: Element not understood={http://docs.oasis-open.org/wss/2004/01/oasis-200401-wss-wssecurity-secext-1.0.xsd}Security
Nov 16, 2012 12:59:44 PM com.wles.arme.CachingCredentialsImpl _accessAllowed
FINE: decision for access+//app/policy/test/pdfs+true has expirationTime 60000
Nov 16, 2012 12:59:44 PM com.wles.arme.CachingCredentialsImpl$CachedResult <init>
FINE: adding [RuleId null Privilege access Object //app/policy/test/pdfs AccessAllowed UNKNOWN OutAttrs {}] to cache, expires at Fri Nov 16 13:00:44 CST 2012
Nov 16, 2012 12:59:44 PM com.wles.arme.CachingCredentialsImpl$SimpleAuthzCache _write
FINE: adding access+//app/policy/test/pdfs+true to cache sking FAFAccessDecisions
